\BOOKMARK [1][-]{section.1}{1 Introduction}{}% 1
\BOOKMARK [2][-]{subsection.1.1}{1.1 Dataset}{section.1}% 2
\BOOKMARK [1][-]{section.2}{2 List of Features}{}% 3
\BOOKMARK [2][-]{subsection.2.1}{2.1 Gender}{section.2}% 4
\BOOKMARK [2][-]{subsection.2.2}{2.2 Sports}{section.2}% 5
\BOOKMARK [2][-]{subsection.2.3}{2.3 Search Hits}{section.2}% 6
\BOOKMARK [2][-]{subsection.2.4}{2.4 Duration}{section.2}% 7
\BOOKMARK [1][-]{section.3}{3 Evaluation Metrics}{}% 8
\BOOKMARK [2][-]{subsection.3.1}{3.1 Precision}{section.3}% 9
\BOOKMARK [2][-]{subsection.3.2}{3.2 Recall}{section.3}% 10
\BOOKMARK [2][-]{subsection.3.3}{3.3 F1 Score}{section.3}% 11
\BOOKMARK [1][-]{section.4}{4 One Month Churn Prediction Approaches}{}% 12
\BOOKMARK [2][-]{subsection.4.1}{4.1 Using a Specific Month's Transactions Data}{section.4}% 13
\BOOKMARK [2][-]{subsection.4.2}{4.2 Using Aggregate Transactions Data}{section.4}% 14
\BOOKMARK [2][-]{subsection.4.3}{4.3 Using Monthly Difference in Transactions Data}{section.4}% 15
\BOOKMARK [1][-]{section.5}{5 Life-time Churn Prediction}{}% 16
\BOOKMARK [2][-]{subsection.5.1}{5.1 Dataset Attributes}{section.5}% 17
\BOOKMARK [2][-]{subsection.5.2}{5.2 Churn in both males and Females}{section.5}% 18
\BOOKMARK [2][-]{subsection.5.3}{5.3 Churn in Males}{section.5}% 19
\BOOKMARK [2][-]{subsection.5.4}{5.4 Churn in Females}{section.5}% 20
\BOOKMARK [1][-]{section.6}{6 Results and Discussion}{}% 21
\BOOKMARK [1][-]{section.7}{7 Future Work}{}% 22
